*** Starting uWSGI 2.0.21 (64bit) on [Tue Apr  4 04:00:43 2023] ***
compiled with version: 10.2.1 20210110 on 04 April 2023 04:00:14
os: Linux-5.10.104-linuxkit #1 SMP PREEMPT Thu Mar 17 17:05:54 UTC 2022
nodename: bd6b24ead595
machine: aarch64
clock source: unix
pcre jit disabled
detected number of CPU cores: 5
current working directory: /var/www/html/service
writing pidfile to /tmp/service-master.pid
detected binary path: /usr/local/bin/uwsgi
chdir() to /var/www/html/service
your memory page size is 4096 bytes
 *** WARNING: you have enabled harakiri without post buffering. Slow upload could be rejected on post-unbuffered webservers *** 
detected max file descriptor number: 1048576
lock engine: pthread robust mutexes
thunder lock: disabled (you can enable it with --thunder-lock)
uwsgi socket 0 bound to TCP address 0.0.0.0:8000 fd 3
setgid() to 33
setuid() to 33
Python version: 3.8.16 (default, Mar 23 2023, 14:37:15)  [GCC 10.2.1 20210110]
*** Python threads support is disabled. You can enable it with --enable-threads ***
Python main interpreter initialized at 0xaaaafca7e4b0
your server socket listen backlog is limited to 100 connections
your mercy for graceful operations on workers is 60 seconds
mapped 403077 bytes (393 KB) for 2 cores
*** Operational MODE: preforking ***
WSGI app 0 (mountpoint='') ready in 0 seconds on interpreter 0xaaaafca7e4b0 pid: 16 (default app)
*** uWSGI is running in multiple interpreter mode ***
spawned uWSGI master process (pid: 16)
spawned uWSGI worker 1 (pid: 19, cores: 1)
spawned uWSGI worker 2 (pid: 20, cores: 1)
cache_key:>>>
INFO {'Url': '/api/v1/member/', 'Method': 'GET', 'UserName': '', 'IP': '172.22.0.1', 'TotalSeconds': 0.305606, 'status_code': 200}
{address space usage: 90263552 bytes/86MB} {rss usage: 44552192 bytes/42MB} [pid: 20|app: 0|req: 1/1] 172.22.0.1 () {58 vars in 1205 bytes} [Tue Apr  4 04:01:10 2023] GET /api/v1/member/ => generated 5335 bytes in 357 msecs (HTTP/1.1 200) 9 headers in 393 bytes (1 switches on core 0)
*** Starting uWSGI 2.0.21 (64bit) on [Tue Apr  4 04:58:37 2023] ***
compiled with version: 10.2.1 20210110 on 04 April 2023 04:57:32
os: Linux-5.10.104-linuxkit #1 SMP PREEMPT Thu Mar 17 17:05:54 UTC 2022
nodename: 89d2bd166291
machine: aarch64
clock source: unix
pcre jit disabled
detected number of CPU cores: 5
current working directory: /var/www/html/service
writing pidfile to /tmp/service-master.pid
detected binary path: /usr/local/bin/uwsgi
chdir() to /var/www/html/service
your memory page size is 4096 bytes
 *** WARNING: you have enabled harakiri without post buffering. Slow upload could be rejected on post-unbuffered webservers *** 
detected max file descriptor number: 1048576
lock engine: pthread robust mutexes
thunder lock: disabled (you can enable it with --thunder-lock)
uwsgi socket 0 bound to TCP address 0.0.0.0:8000 fd 3
setgid() to 33
setuid() to 33
Python version: 3.8.16 (default, Mar 23 2023, 14:37:15)  [GCC 10.2.1 20210110]
*** Python threads support is disabled. You can enable it with --enable-threads ***
Python main interpreter initialized at 0xaaaae342d4b0
your server socket listen backlog is limited to 100 connections
your mercy for graceful operations on workers is 60 seconds
mapped 403077 bytes (393 KB) for 2 cores
*** Operational MODE: preforking ***
WSGI app 0 (mountpoint='') ready in 0 seconds on interpreter 0xaaaae342d4b0 pid: 16 (default app)
*** uWSGI is running in multiple interpreter mode ***
spawned uWSGI master process (pid: 16)
spawned uWSGI worker 1 (pid: 19, cores: 1)
spawned uWSGI worker 2 (pid: 20, cores: 1)
